## Footprint report - date Wed Aug 10 17:38:14 2022
## Created by Pcbnew version (6.0.0)
## Unit = mm, Angle = deg.

$BeginDESCRIPTION

$BOARD
upper_left_corner 185.700000 52.450000
lower_right_corner 222.400001 94.300001
$EndBOARD

$MODULE C1
footprint Capacitor_SMD:C_0603_1608Metric_Pad1.08x0.95mm_HandSolder
attribut smd
position 191.480000 85.400000  orientation 0.00
layer front
$PAD "1"
Shape Roundrect Layer front
position -0.862500  0.000000  size  1.075000  0.950000  orientation 0.00
drill  0.000000
shape_offset  0.000000  0.000000
$EndPAD
$PAD "2"
Shape Roundrect Layer front
position  0.862500  0.000000  size  1.075000  0.950000  orientation 0.00
drill  0.000000
shape_offset  0.000000  0.000000
$EndPAD
$EndMODULE  C1

$MODULE C2
footprint Capacitor_SMD:C_0603_1608Metric_Pad1.08x0.95mm_HandSolder
attribut smd
position 200.200000 73.300000  orientation -90.00
layer front
$PAD "1"
Shape Roundrect Layer front
position -0.862500  0.000000  size  1.075000  0.950000  orientation 360.00
drill  0.000000
shape_offset  0.000000  0.000000
$EndPAD
$PAD "2"
Shape Roundrect Layer front
position  0.862500  0.000000  size  1.075000  0.950000  orientation 360.00
drill  0.000000
shape_offset  0.000000  0.000000
$EndPAD
$EndMODULE  C2

$MODULE C3
footprint Capacitor_SMD:C_0603_1608Metric_Pad1.08x0.95mm_HandSolder
attribut smd
position 196.800000 82.600000  orientation -90.00
layer front
$PAD "1"
Shape Roundrect Layer front
position -0.862500  0.000000  size  1.075000  0.950000  orientation 360.00
drill  0.000000
shape_offset  0.000000  0.000000
$EndPAD
$PAD "2"
Shape Roundrect Layer front
position  0.862500  0.000000  size  1.075000  0.950000  orientation 360.00
drill  0.000000
shape_offset  0.000000  0.000000
$EndPAD
$EndMODULE  C3

$MODULE C4
footprint Capacitor_SMD:C_0603_1608Metric_Pad1.08x0.95mm_HandSolder
attribut smd
position 195.300000 73.860000  orientation 0.00
layer front
$PAD "1"
Shape Roundrect Layer front
position -0.862500  0.000000  size  1.075000  0.950000  orientation 0.00
drill  0.000000
shape_offset  0.000000  0.000000
$EndPAD
$PAD "2"
Shape Roundrect Layer front
position  0.862500  0.000000  size  1.075000  0.950000  orientation 0.00
drill  0.000000
shape_offset  0.000000  0.000000
$EndPAD
$EndMODULE  C4

$MODULE C5
footprint Capacitor_SMD:C_0603_1608Metric_Pad1.08x0.95mm_HandSolder
attribut smd
position 195.320000 64.860000  orientation 0.00
layer front
$PAD "1"
Shape Roundrect Layer front
position -0.862500  0.000000  size  1.075000  0.950000  orientation 0.00
drill  0.000000
shape_offset  0.000000  0.000000
$EndPAD
$PAD "2"
Shape Roundrect Layer front
position  0.862500  0.000000  size  1.075000  0.950000  orientation 0.00
drill  0.000000
shape_offset  0.000000  0.000000
$EndPAD
$EndMODULE  C5

$MODULE C6
footprint Capacitor_SMD:C_0603_1608Metric_Pad1.08x0.95mm_HandSolder
attribut smd
position 196.800000 78.700000  orientation 90.00
layer front
$PAD "1"
Shape Roundrect Layer front
position -0.862500  0.000000  size  1.075000  0.950000  orientation 0.00
drill  0.000000
shape_offset  0.000000  0.000000
$EndPAD
$PAD "2"
Shape Roundrect Layer front
position  0.862500  0.000000  size  1.075000  0.950000  orientation 0.00
drill  0.000000
shape_offset  0.000000  0.000000
$EndPAD
$EndMODULE  C6

$MODULE C7
footprint Capacitor_THT:CP_Radial_D16.0mm_P7.50mm
attribut none
position 208.750000 67.652755  orientation 90.00
layer front
$PAD "1"
Shape Rect Layer both
position  0.000000  0.000000  size  2.400000  2.400000  orientation 0.00
drill  1.200000
shape_offset  0.000000  0.000000
$EndPAD
$PAD "2"
Shape Circle Layer both
position  7.500000  0.000000  size  2.400000  2.400000  orientation 0.00
drill  1.200000
shape_offset  0.000000  0.000000
$EndPAD
$EndMODULE  C7

$MODULE C8
footprint Capacitor_THT:CP_Radial_D8.0mm_P3.50mm
attribut none
position 211.027397 77.612563  orientation -135.00
layer front
$PAD "1"
Shape Rect Layer both
position  0.000000  0.000000  size  1.600000  1.600000  orientation 360.00
drill  0.800000
shape_offset  0.000000  0.000000
$EndPAD
$PAD "2"
Shape Circle Layer both
position  3.500000  0.000000  size  1.600000  1.600000  orientation 360.00
drill  0.800000
shape_offset  0.000000  0.000000
$EndPAD
$EndMODULE  C8

$MODULE C9
footprint Capacitor_SMD:C_0603_1608Metric_Pad1.08x0.95mm_HandSolder
attribut smd
position 220.460000 84.650000  orientation 90.00
layer front
$PAD "1"
Shape Roundrect Layer front
position -0.862500  0.000000  size  1.075000  0.950000  orientation 0.00
drill  0.000000
shape_offset  0.000000  0.000000
$EndPAD
$PAD "2"
Shape Roundrect Layer front
position  0.862500  0.000000  size  1.075000  0.950000  orientation 0.00
drill  0.000000
shape_offset  0.000000  0.000000
$EndPAD
$EndMODULE  C9

$MODULE C10
footprint Capacitor_THT:CP_Radial_D6.3mm_P2.50mm
attribut none
position 208.743883 87.528677  orientation 135.00
layer front
$PAD "1"
Shape Rect Layer both
position  0.000000  0.000000  size  1.600000  1.600000  orientation 0.00
drill  0.800000
shape_offset  0.000000  0.000000
$EndPAD
$PAD "2"
Shape Circle Layer both
position  2.500000  0.000000  size  1.600000  1.600000  orientation 0.00
drill  0.800000
shape_offset  0.000000  0.000000
$EndPAD
$EndMODULE  C10

$MODULE C11
footprint Capacitor_SMD:C_1206_3216Metric_Pad1.33x1.80mm_HandSolder
attribut smd
position 191.860000 61.410000  orientation 90.00
layer front
$PAD "1"
Shape Roundrect Layer front
position -1.562500  0.000000  size  1.325000  1.800000  orientation 0.00
drill  0.000000
shape_offset  0.000000  0.000000
$EndPAD
$PAD "2"
Shape Roundrect Layer front
position  1.562500  0.000000  size  1.325000  1.800000  orientation 0.00
drill  0.000000
shape_offset  0.000000  0.000000
$EndPAD
$EndMODULE  C11

$MODULE C12
footprint Capacitor_SMD:C_1206_3216Metric_Pad1.33x1.80mm_HandSolder
attribut smd
position 196.060000 61.402500  orientation 90.00
layer front
$PAD "1"
Shape Roundrect Layer front
position -1.562500  0.000000  size  1.325000  1.800000  orientation 0.00
drill  0.000000
shape_offset  0.000000  0.000000
$EndPAD
$PAD "2"
Shape Roundrect Layer front
position  1.562500  0.000000  size  1.325000  1.800000  orientation 0.00
drill  0.000000
shape_offset  0.000000  0.000000
$EndPAD
$EndMODULE  C12

$MODULE C13
footprint Capacitor_SMD:C_0603_1608Metric_Pad1.08x0.95mm_HandSolder
attribut smd
position 201.990000 89.800000  orientation -90.00
layer front
$PAD "1"
Shape Roundrect Layer front
position -0.862500  0.000000  size  1.075000  0.950000  orientation 360.00
drill  0.000000
shape_offset  0.000000  0.000000
$EndPAD
$PAD "2"
Shape Roundrect Layer front
position  0.862500  0.000000  size  1.075000  0.950000  orientation 360.00
drill  0.000000
shape_offset  0.000000  0.000000
$EndPAD
$EndMODULE  C13

$MODULE C14
footprint Capacitor_THT:CP_Radial_D16.0mm_P7.50mm
attribut none
position 177.170000 62.797246  orientation -90.00
layer front
$PAD "1"
Shape Rect Layer both
position  0.000000  0.000000  size  2.400000  2.400000  orientation 360.00
drill  1.200000
shape_offset  0.000000  0.000000
$EndPAD
$PAD "2"
Shape Circle Layer both
position  7.500000  0.000000  size  2.400000  2.400000  orientation 360.00
drill  1.200000
shape_offset  0.000000  0.000000
$EndPAD
$EndMODULE  C14

$MODULE C15
footprint Capacitor_SMD:C_0603_1608Metric_Pad1.08x0.95mm_HandSolder
attribut smd
position 191.470000 86.640000  orientation 0.00
layer front
$PAD "1"
Shape Roundrect Layer front
position -0.862500  0.000000  size  1.075000  0.950000  orientation 0.00
drill  0.000000
shape_offset  0.000000  0.000000
$EndPAD
$PAD "2"
Shape Roundrect Layer front
position  0.862500  0.000000  size  1.075000  0.950000  orientation 0.00
drill  0.000000
shape_offset  0.000000  0.000000
$EndPAD
$EndMODULE  C15

$MODULE C16
footprint Capacitor_SMD:C_0603_1608Metric_Pad1.08x0.95mm_HandSolder
attribut smd
position 187.600000 82.700000  orientation -90.00
layer front
$PAD "1"
Shape Roundrect Layer front
position -0.862500  0.000000  size  1.075000  0.950000  orientation 360.00
drill  0.000000
shape_offset  0.000000  0.000000
$EndPAD
$PAD "2"
Shape Roundrect Layer front
position  0.862500  0.000000  size  1.075000  0.950000  orientation 360.00
drill  0.000000
shape_offset  0.000000  0.000000
$EndPAD
$EndMODULE  C16

$MODULE C17
footprint Capacitor_SMD:C_0603_1608Metric_Pad1.08x0.95mm_HandSolder
attribut smd
position 183.100000 74.900000  orientation 90.00
layer back
$PAD "1"
Shape Roundrect Layer back
position -0.862500  0.000000  size  1.075000  0.950000  orientation 0.00
drill  0.000000
shape_offset  0.000000  0.000000
$EndPAD
$PAD "2"
Shape Roundrect Layer back
position  0.862500  0.000000  size  1.075000  0.950000  orientation 0.00
drill  0.000000
shape_offset  0.000000  0.000000
$EndPAD
$EndMODULE  C17

$MODULE C18
footprint Capacitor_SMD:C_0603_1608Metric_Pad1.08x0.95mm_HandSolder
attribut smd
position 187.700000 78.800000  orientation 90.00
layer front
$PAD "1"
Shape Roundrect Layer front
position -0.862500  0.000000  size  1.075000  0.950000  orientation 0.00
drill  0.000000
shape_offset  0.000000  0.000000
$EndPAD
$PAD "2"
Shape Roundrect Layer front
position  0.862500  0.000000  size  1.075000  0.950000  orientation 0.00
drill  0.000000
shape_offset  0.000000  0.000000
$EndPAD
$EndMODULE  C18

$MODULE C19
footprint Capacitor_SMD:C_1206_3216Metric_Pad1.33x1.80mm_HandSolder
attribut smd
position 191.860000 61.410000  orientation 90.00
layer back
$PAD "1"
Shape Roundrect Layer back
position -1.562500  0.000000  size  1.325000  1.800000  orientation 0.00
drill  0.000000
shape_offset  0.000000  0.000000
$EndPAD
$PAD "2"
Shape Roundrect Layer back
position  1.562500  0.000000  size  1.325000  1.800000  orientation 0.00
drill  0.000000
shape_offset  0.000000  0.000000
$EndPAD
$EndMODULE  C19

$MODULE C20
footprint Capacitor_SMD:C_0603_1608Metric_Pad1.08x0.95mm_HandSolder
attribut smd
position 214.960000 81.150000  orientation -90.00
layer front
$PAD "1"
Shape Roundrect Layer front
position -0.862500  0.000000  size  1.075000  0.950000  orientation 360.00
drill  0.000000
shape_offset  0.000000  0.000000
$EndPAD
$PAD "2"
Shape Roundrect Layer front
position  0.862500  0.000000  size  1.075000  0.950000  orientation 360.00
drill  0.000000
shape_offset  0.000000  0.000000
$EndPAD
$EndMODULE  C20

$MODULE C21
footprint Capacitor_SMD:C_0603_1608Metric_Pad1.08x0.95mm_HandSolder
attribut smd
position 200.500000 89.800000  orientation -90.00
layer front
$PAD "1"
Shape Roundrect Layer front
position -0.862500  0.000000  size  1.075000  0.950000  orientation 360.00
drill  0.000000
shape_offset  0.000000  0.000000
$EndPAD
$PAD "2"
Shape Roundrect Layer front
position  0.862500  0.000000  size  1.075000  0.950000  orientation 360.00
drill  0.000000
shape_offset  0.000000  0.000000
$EndPAD
$EndMODULE  C21

$MODULE C22
footprint Capacitor_SMD:C_0603_1608Metric_Pad1.08x0.95mm_HandSolder
attribut smd
position 194.780000 85.390000  orientation 180.00
layer front
$PAD "1"
Shape Roundrect Layer front
position -0.862500  0.000000  size  1.075000  0.950000  orientation 0.00
drill  0.000000
shape_offset  0.000000  0.000000
$EndPAD
$PAD "2"
Shape Roundrect Layer front
position  0.862500  0.000000  size  1.075000  0.950000  orientation 0.00
drill  0.000000
shape_offset  0.000000  0.000000
$EndPAD
$EndMODULE  C22

$MODULE C23
footprint Capacitor_SMD:C_0603_1608Metric_Pad1.08x0.95mm_HandSolder
attribut smd
position 212.160000 84.550000  orientation 90.00
layer front
$PAD "1"
Shape Roundrect Layer front
position -0.862500  0.000000  size  1.075000  0.950000  orientation 0.00
drill  0.000000
shape_offset  0.000000  0.000000
$EndPAD
$PAD "2"
Shape Roundrect Layer front
position  0.862500  0.000000  size  1.075000  0.950000  orientation 0.00
drill  0.000000
shape_offset  0.000000  0.000000
$EndPAD
$EndMODULE  C23

$MODULE C24
footprint Capacitor_SMD:C_0603_1608Metric_Pad1.08x0.95mm_HandSolder
attribut smd
position 214.960000 77.650000  orientation 90.00
layer front
$PAD "1"
Shape Roundrect Layer front
position -0.862500  0.000000  size  1.075000  0.950000  orientation 0.00
drill  0.000000
shape_offset  0.000000  0.000000
$EndPAD
$PAD "2"
Shape Roundrect Layer front
position  0.862500  0.000000  size  1.075000  0.950000  orientation 0.00
drill  0.000000
shape_offset  0.000000  0.000000
$EndPAD
$EndMODULE  C24

$MODULE C25
footprint Capacitor_SMD:C_1206_3216Metric_Pad1.33x1.80mm_HandSolder
attribut smd
position 193.970000 61.410000  orientation 90.00
layer front
$PAD "1"
Shape Roundrect Layer front
position -1.562500  0.000000  size  1.325000  1.800000  orientation 0.00
drill  0.000000
shape_offset  0.000000  0.000000
$EndPAD
$PAD "2"
Shape Roundrect Layer front
position  1.562500  0.000000  size  1.325000  1.800000  orientation 0.00
drill  0.000000
shape_offset  0.000000  0.000000
$EndPAD
$EndMODULE  C25

$MODULE C26
footprint Capacitor_SMD:C_1206_3216Metric_Pad1.33x1.80mm_HandSolder
attribut smd
position 198.150000 61.402500  orientation 90.00
layer front
$PAD "1"
Shape Roundrect Layer front
position -1.562500  0.000000  size  1.325000  1.800000  orientation 0.00
drill  0.000000
shape_offset  0.000000  0.000000
$EndPAD
$PAD "2"
Shape Roundrect Layer front
position  1.562500  0.000000  size  1.325000  1.800000  orientation 0.00
drill  0.000000
shape_offset  0.000000  0.000000
$EndPAD
$EndMODULE  C26

$MODULE C27
footprint Capacitor_SMD:C_0603_1608Metric_Pad1.08x0.95mm_HandSolder
attribut smd
position 203.500000 90.700000  orientation -90.00
layer front
$PAD "1"
Shape Roundrect Layer front
position -0.862500  0.000000  size  1.075000  0.950000  orientation 360.00
drill  0.000000
shape_offset  0.000000  0.000000
$EndPAD
$PAD "2"
Shape Roundrect Layer front
position  0.862500  0.000000  size  1.075000  0.950000  orientation 360.00
drill  0.000000
shape_offset  0.000000  0.000000
$EndPAD
$EndMODULE  C27

$MODULE C28
footprint Capacitor_SMD:C_0603_1608Metric_Pad1.08x0.95mm_HandSolder
attribut smd
position 205.000000 91.600000  orientation -90.00
layer front
$PAD "1"
Shape Roundrect Layer front
position -0.862500  0.000000  size  1.075000  0.950000  orientation 360.00
drill  0.000000
shape_offset  0.000000  0.000000
$EndPAD
$PAD "2"
Shape Roundrect Layer front
position  0.862500  0.000000  size  1.075000  0.950000  orientation 360.00
drill  0.000000
shape_offset  0.000000  0.000000
$EndPAD
$EndMODULE  C28

$MODULE C29
footprint Capacitor_SMD:C_0603_1608Metric_Pad1.08x0.95mm_HandSolder
attribut smd
position 189.000000 89.850000  orientation 180.00
layer front
$PAD "1"
Shape Roundrect Layer front
position -0.862500  0.000000  size  1.075000  0.950000  orientation 0.00
drill  0.000000
shape_offset  0.000000  0.000000
$EndPAD
$PAD "2"
Shape Roundrect Layer front
position  0.862500  0.000000  size  1.075000  0.950000  orientation 0.00
drill  0.000000
shape_offset  0.000000  0.000000
$EndPAD
$EndMODULE  C29

$MODULE C30
footprint Capacitor_SMD:C_0603_1608Metric_Pad1.08x0.95mm_HandSolder
attribut smd
position 189.000000 88.300000  orientation 180.00
layer front
$PAD "1"
Shape Roundrect Layer front
position -0.862500  0.000000  size  1.075000  0.950000  orientation 0.00
drill  0.000000
shape_offset  0.000000  0.000000
$EndPAD
$PAD "2"
Shape Roundrect Layer front
position  0.862500  0.000000  size  1.075000  0.950000  orientation 0.00
drill  0.000000
shape_offset  0.000000  0.000000
$EndPAD
$EndMODULE  C30

$MODULE C31
footprint Capacitor_SMD:C_0603_1608Metric_Pad1.08x0.95mm_HandSolder
attribut smd
position 189.000000 91.400000  orientation 180.00
layer front
$PAD "1"
Shape Roundrect Layer front
position -0.862500  0.000000  size  1.075000  0.950000  orientation 0.00
drill  0.000000
shape_offset  0.000000  0.000000
$EndPAD
$PAD "2"
Shape Roundrect Layer front
position  0.862500  0.000000  size  1.075000  0.950000  orientation 0.00
drill  0.000000
shape_offset  0.000000  0.000000
$EndPAD
$EndMODULE  C31

$MODULE D1
footprint 01_selbstErstellt:D_SOD-123FL_HandSoldering
attribut smd
position 191.930000 69.320000  orientation -90.00
layer front
$PAD "1"
Shape Rect Layer front
position -1.800000  0.000000  size  1.600000  1.200000  orientation 360.00
drill  0.000000
shape_offset  0.000000  0.000000
$EndPAD
$PAD "2"
Shape Rect Layer front
position  1.800000  0.000000  size  1.600000  1.200000  orientation 360.00
drill  0.000000
shape_offset  0.000000  0.000000
$EndPAD
$EndMODULE  D1

$MODULE D2
footprint 01_selbstErstellt:D_SOD-123FL_HandSoldering
attribut smd
position 221.500000 61.300000  orientation -90.00
layer front
$PAD "1"
Shape Rect Layer front
position -1.800000  0.000000  size  1.600000  1.200000  orientation 360.00
drill  0.000000
shape_offset  0.000000  0.000000
$EndPAD
$PAD "2"
Shape Rect Layer front
position  1.800000  0.000000  size  1.600000  1.200000  orientation 360.00
drill  0.000000
shape_offset  0.000000  0.000000
$EndPAD
$EndMODULE  D2

$MODULE D3
footprint 01_selbstErstellt:D_SOD-123FL_HandSoldering
attribut smd
position 216.060000 84.050000  orientation 180.00
layer front
$PAD "1"
Shape Rect Layer front
position -1.800000  0.000000  size  1.600000  1.200000  orientation 0.00
drill  0.000000
shape_offset  0.000000  0.000000
$EndPAD
$PAD "2"
Shape Rect Layer front
position  1.800000  0.000000  size  1.600000  1.200000  orientation 0.00
drill  0.000000
shape_offset  0.000000  0.000000
$EndPAD
$EndMODULE  D3

$MODULE F1
footprint 01_selbstErstellt:Fuseholder_Blade_Mini
attribut none
position 182.620000 80.700000  orientation -90.00
layer front
$PAD "1"
Shape Oval Layer both
position  3.800000  0.000000  size  2.000000  3.000000  orientation 360.00
drill  1.000000
shape_offset  0.000000  0.000000
$EndPAD
$PAD "1"
Shape Oval Layer both
position  0.000000  0.000000  size  2.000000  3.000000  orientation 360.00
drill  1.000000
shape_offset  0.000000  0.000000
$EndPAD
$PAD "2"
Shape Oval Layer both
position  8.100000  0.000000  size  2.000000  3.000000  orientation 360.00
drill  1.000000
shape_offset  0.000000  0.000000
$EndPAD
$PAD "2"
Shape Oval Layer both
position 11.900000  0.000000  size  2.000000  3.000000  orientation 360.00
drill  1.000000
shape_offset  0.000000  0.000000
$EndPAD
$EndMODULE  F1

$MODULE IC1
footprint SamacSys_Parts:SOP65P640X120-20N
attribut smd
position 192.130000 80.730000  orientation 90.00
layer front
$PAD "1"
Shape Rect Layer front
position -2.938000 -2.925000  size  0.450000  1.475000  orientation 90.00
drill  0.000000
shape_offset  0.000000  0.000000
$EndPAD
$PAD "2"
Shape Rect Layer front
position -2.938000 -2.275000  size  0.450000  1.475000  orientation 90.00
drill  0.000000
shape_offset  0.000000  0.000000
$EndPAD
$PAD "3"
Shape Rect Layer front
position -2.938000 -1.625000  size  0.450000  1.475000  orientation 90.00
drill  0.000000
shape_offset  0.000000  0.000000
$EndPAD
$PAD "4"
Shape Rect Layer front
position -2.938000 -0.975000  size  0.450000  1.475000  orientation 90.00
drill  0.000000
shape_offset  0.000000  0.000000
$EndPAD
$PAD "5"
Shape Rect Layer front
position -2.938000 -0.325000  size  0.450000  1.475000  orientation 90.00
drill  0.000000
shape_offset  0.000000  0.000000
$EndPAD
$PAD "6"
Shape Rect Layer front
position -2.938000  0.325000  size  0.450000  1.475000  orientation 90.00
drill  0.000000
shape_offset  0.000000  0.000000
$EndPAD
$PAD "7"
Shape Rect Layer front
position -2.938000  0.975000  size  0.450000  1.475000  orientation 90.00
drill  0.000000
shape_offset  0.000000  0.000000
$EndPAD
$PAD "8"
Shape Rect Layer front
position -2.938000  1.625000  size  0.450000  1.475000  orientation 90.00
drill  0.000000
shape_offset  0.000000  0.000000
$EndPAD
$PAD "9"
Shape Rect Layer front
position -2.938000  2.275000  size  0.450000  1.475000  orientation 90.00
drill  0.000000
shape_offset  0.000000  0.000000
$EndPAD
$PAD "10"
Shape Rect Layer front
position -2.938000  2.925000  size  0.450000  1.475000  orientation 90.00
drill  0.000000
shape_offset  0.000000  0.000000
$EndPAD
$PAD "11"
Shape Rect Layer front
position  2.938000  2.925000  size  0.450000  1.475000  orientation 90.00
drill  0.000000
shape_offset  0.000000  0.000000
$EndPAD
$PAD "12"
Shape Rect Layer front
position  2.938000  2.275000  size  0.450000  1.475000  orientation 90.00
drill  0.000000
shape_offset  0.000000  0.000000
$EndPAD
$PAD "13"
Shape Rect Layer front
position  2.938000  1.625000  size  0.450000  1.475000  orientation 90.00
drill  0.000000
shape_offset  0.000000  0.000000
$EndPAD
$PAD "14"
Shape Rect Layer front
position  2.938000  0.975000  size  0.450000  1.475000  orientation 90.00
drill  0.000000
shape_offset  0.000000  0.000000
$EndPAD
$PAD "15"
Shape Rect Layer front
position  2.938000  0.325000  size  0.450000  1.475000  orientation 90.00
drill  0.000000
shape_offset  0.000000  0.000000
$EndPAD
$PAD "16"
Shape Rect Layer front
position  2.938000 -0.325000  size  0.450000  1.475000  orientation 90.00
drill  0.000000
shape_offset  0.000000  0.000000
$EndPAD
$PAD "17"
Shape Rect Layer front
position  2.938000 -0.975000  size  0.450000  1.475000  orientation 90.00
drill  0.000000
shape_offset  0.000000  0.000000
$EndPAD
$PAD "18"
Shape Rect Layer front
position  2.938000 -1.625000  size  0.450000  1.475000  orientation 90.00
drill  0.000000
shape_offset  0.000000  0.000000
$EndPAD
$PAD "19"
Shape Rect Layer front
position  2.938000 -2.275000  size  0.450000  1.475000  orientation 90.00
drill  0.000000
shape_offset  0.000000  0.000000
$EndPAD
$PAD "20"
Shape Rect Layer front
position  2.938000 -2.925000  size  0.450000  1.475000  orientation 90.00
drill  0.000000
shape_offset  0.000000  0.000000
$EndPAD
$EndMODULE  IC1

$MODULE J1
footprint 01_selbstErstellt:KF1000_1x2_P10.0mm
attribut smd
position 211.990000 51.800000  orientation 180.00
layer front
$PAD "1"
Shape Oval Layer both
position  5.000000  0.000000  size  3.600000  4.200000  orientation 0.00
drill  1.600000
shape_offset  0.000000  0.000000
$EndPAD
$PAD "2"
Shape Oval Layer both
position -5.000000  0.000000  size  3.600000  4.200000  orientation 0.00
drill  1.600000
shape_offset  0.000000  0.000000
$EndPAD
$EndMODULE  J1

$MODULE J2
footprint 01_selbstErstellt:KF1000_1x2_P10.0mm
attribut smd
position 176.700000 86.130000  orientation -90.00
layer front
$PAD "1"
Shape Oval Layer both
position -5.000000  0.000000  size  3.600000  4.200000  orientation 360.00
drill  1.600000
shape_offset  0.000000  0.000000
$EndPAD
$PAD "2"
Shape Oval Layer both
position  5.000000  0.000000  size  3.600000  4.200000  orientation 360.00
drill  1.600000
shape_offset  0.000000  0.000000
$EndPAD
$EndMODULE  J2

$MODULE J4
footprint Connector_PinHeader_2.54mm:PinHeader_1x01_P2.54mm_Vertical
attribut none
position 204.000000 82.900000  orientation 0.00
layer front
$PAD "1"
Shape Rect Layer both
position  0.000000  0.000000  size  1.700000  1.700000  orientation 0.00
drill  1.000000
shape_offset  0.000000  0.000000
$EndPAD
$EndMODULE  J4

$MODULE J5
footprint Connector_PinHeader_2.54mm:PinHeader_1x01_P2.54mm_Vertical
attribut none
position 210.000000 95.700000  orientation 0.00
layer front
$PAD "1"
Shape Rect Layer both
position  0.000000  0.000000  size  1.700000  1.700000  orientation 0.00
drill  1.000000
shape_offset  0.000000  0.000000
$EndPAD
$EndMODULE  J5

$MODULE J101
footprint Connector_PinHeader_2.54mm:PinHeader_1x09_P2.54mm_Vertical
attribut none
position 187.170000 95.690000  orientation 90.00
layer front
$PAD "1"
Shape Rect Layer both
position  0.000000  0.000000  size  1.700000  1.700000  orientation 0.00
drill  1.000000
shape_offset  0.000000  0.000000
$EndPAD
$PAD "2"
Shape Oval Layer both
position  0.000000  2.540000  size  1.700000  1.700000  orientation 0.00
drill  1.000000
shape_offset  0.000000  0.000000
$EndPAD
$PAD "3"
Shape Oval Layer both
position  0.000000  5.080000  size  1.700000  1.700000  orientation 0.00
drill  1.000000
shape_offset  0.000000  0.000000
$EndPAD
$PAD "4"
Shape Oval Layer both
position  0.000000  7.620000  size  1.700000  1.700000  orientation 0.00
drill  1.000000
shape_offset  0.000000  0.000000
$EndPAD
$PAD "5"
Shape Oval Layer both
position  0.000000 10.160000  size  1.700000  1.700000  orientation 0.00
drill  1.000000
shape_offset  0.000000  0.000000
$EndPAD
$PAD "6"
Shape Oval Layer both
position  0.000000 12.700000  size  1.700000  1.700000  orientation 0.00
drill  1.000000
shape_offset  0.000000  0.000000
$EndPAD
$PAD "7"
Shape Oval Layer both
position  0.000000 15.240000  size  1.700000  1.700000  orientation 0.00
drill  1.000000
shape_offset  0.000000  0.000000
$EndPAD
$PAD "8"
Shape Oval Layer both
position  0.000000 17.780000  size  1.700000  1.700000  orientation 0.00
drill  1.000000
shape_offset  0.000000  0.000000
$EndPAD
$PAD "9"
Shape Oval Layer both
position  0.000000 20.320000  size  1.700000  1.700000  orientation 0.00
drill  1.000000
shape_offset  0.000000  0.000000
$EndPAD
$EndMODULE  J101

$MODULE J102
footprint Connector_PinHeader_2.54mm:PinHeader_1x04_P2.54mm_Vertical
attribut none
position 201.400000 84.900000  orientation 180.00
layer front
$PAD "1"
Shape Rect Layer both
position  0.000000  0.000000  size  1.700000  1.700000  orientation 0.00
drill  1.000000
shape_offset  0.000000  0.000000
$EndPAD
$PAD "2"
Shape Oval Layer both
position  0.000000  2.540000  size  1.700000  1.700000  orientation 0.00
drill  1.000000
shape_offset  0.000000  0.000000
$EndPAD
$PAD "3"
Shape Oval Layer both
position  0.000000  5.080000  size  1.700000  1.700000  orientation 0.00
drill  1.000000
shape_offset  0.000000  0.000000
$EndPAD
$PAD "4"
Shape Oval Layer both
position  0.000000  7.620000  size  1.700000  1.700000  orientation 0.00
drill  1.000000
shape_offset  0.000000  0.000000
$EndPAD
$EndMODULE  J102

$MODULE L1
footprint Inductor_THT:L_Radial_D10.0mm_P5.00mm_Fastron_07M
attribut none
position 218.260000 90.750000  orientation 180.00
layer front
$PAD "1"
Shape Circle Layer both
position  0.000000  0.000000  size  2.600000  2.600000  orientation 0.00
drill  1.300000
shape_offset  0.000000  0.000000
$EndPAD
$PAD "2"
Shape Circle Layer both
position  5.000000  0.000000  size  2.600000  2.600000  orientation 0.00
drill  1.300000
shape_offset  0.000000  0.000000
$EndPAD
$EndMODULE  L1

$MODULE L2
footprint 01_selbstErstellt:L_Toroid_Vertical_L31.8mm_W15.9mm_P13.50mm_Bourns_5700
attribut none
position 183.420000 55.860000  orientation 180.00
layer front
$PAD "1"
Shape Circle Layer both
position -0.100000 -0.200000  size  3.600000  3.600000  orientation 0.00
drill  1.800000
shape_offset  0.000000  0.000000
$EndPAD
$PAD "2"
Shape Circle Layer both
position  5.800000 -0.100000  size  3.600000  3.600000  orientation 0.00
drill  1.800000
shape_offset  0.000000  0.000000
$EndPAD
$EndMODULE  L2

$MODULE Q1
footprint Package_TO_SOT_THT:TO-220-3_Horizontal_TabUp
attribut none
position 220.200000 56.580000  orientation 180.00
layer back
$PAD "1"
Shape Rect Layer both
position  0.000000  0.000000  size  1.905000  2.000000  orientation 0.00
drill  1.100000
shape_offset  0.000000  0.000000
$EndPAD
$PAD "2"
Shape Oval Layer both
position  2.540000  0.000000  size  1.905000  2.000000  orientation 0.00
drill  1.100000
shape_offset  0.000000  0.000000
$EndPAD
$PAD "3"
Shape Oval Layer both
position  5.080000  0.000000  size  1.905000  2.000000  orientation 0.00
drill  1.100000
shape_offset  0.000000  0.000000
$EndPAD
$EndMODULE  Q1

$MODULE Q2
footprint 01_selbstErstellt:TO-220
attribut none
position 183.420000 63.740000  orientation -90.00
layer back
$PAD "1"
Shape Rect Layer both
position  2.580000 -3.710000  size  1.905000  2.000000  orientation 180.00
drill  1.100000
shape_offset  0.000000  0.000000
$EndPAD
$PAD "2"
Shape Oval Layer both
position  0.040000 -6.250000  size  1.905000  2.000000  orientation 180.00
drill  1.100000
shape_offset  0.000000  0.000000
$EndPAD
$PAD "3"
Shape Oval Layer both
position -2.500000 -3.710000  size  1.905000  2.000000  orientation 180.00
drill  1.100000
shape_offset  0.000000  0.000000
$EndPAD
$EndMODULE  Q2

$MODULE Q3
footprint 01_selbstErstellt:TO-220
attribut none
position 193.350000 56.690000  orientation 90.00
layer back
$PAD "1"
Shape Rect Layer both
position  2.580000 -3.710000  size  1.905000  2.000000  orientation 180.00
drill  1.100000
shape_offset  0.000000  0.000000
$EndPAD
$PAD "2"
Shape Oval Layer both
position  0.040000 -6.250000  size  1.905000  2.000000  orientation 180.00
drill  1.100000
shape_offset  0.000000  0.000000
$EndPAD
$PAD "3"
Shape Oval Layer both
position -2.500000 -3.710000  size  1.905000  2.000000  orientation 180.00
drill  1.100000
shape_offset  0.000000  0.000000
$EndPAD
$EndMODULE  Q3

$MODULE R1
footprint Resistor_SMD:R_0603_1608Metric_Pad0.98x0.95mm_HandSolder
attribut smd
position 201.700000 73.300000  orientation -90.00
layer front
$PAD "1"
Shape Roundrect Layer front
position -0.912500  0.000000  size  0.975000  0.950000  orientation 360.00
drill  0.000000
shape_offset  0.000000  0.000000
$EndPAD
$PAD "2"
Shape Roundrect Layer front
position  0.912500  0.000000  size  0.975000  0.950000  orientation 360.00
drill  0.000000
shape_offset  0.000000  0.000000
$EndPAD
$EndMODULE  R1

$MODULE R2
footprint Resistor_SMD:R_0603_1608Metric_Pad0.98x0.95mm_HandSolder
attribut smd
position 192.000000 73.850000  orientation 0.00
layer front
$PAD "1"
Shape Roundrect Layer front
position -0.912500  0.000000  size  0.975000  0.950000  orientation 0.00
drill  0.000000
shape_offset  0.000000  0.000000
$EndPAD
$PAD "2"
Shape Roundrect Layer front
position  0.912500  0.000000  size  0.975000  0.950000  orientation 0.00
drill  0.000000
shape_offset  0.000000  0.000000
$EndPAD
$EndMODULE  R2

$MODULE R3
footprint Resistor_SMD:R_0603_1608Metric_Pad0.98x0.95mm_HandSolder
attribut smd
position 204.000000 79.200000  orientation -90.00
layer front
$PAD "1"
Shape Roundrect Layer front
position -0.912500  0.000000  size  0.975000  0.950000  orientation 360.00
drill  0.000000
shape_offset  0.000000  0.000000
$EndPAD
$PAD "2"
Shape Roundrect Layer front
position  0.912500  0.000000  size  0.975000  0.950000  orientation 360.00
drill  0.000000
shape_offset  0.000000  0.000000
$EndPAD
$EndMODULE  R3

$MODULE R4
footprint Resistor_SMD:R_0603_1608Metric_Pad0.98x0.95mm_HandSolder
attribut smd
position 216.200000 73.400000  orientation 180.00
layer front
$PAD "1"
Shape Roundrect Layer front
position -0.912500  0.000000  size  0.975000  0.950000  orientation 0.00
drill  0.000000
shape_offset  0.000000  0.000000
$EndPAD
$PAD "2"
Shape Roundrect Layer front
position  0.912500  0.000000  size  0.975000  0.950000  orientation 0.00
drill  0.000000
shape_offset  0.000000  0.000000
$EndPAD
$EndMODULE  R4

$MODULE R5
footprint Resistor_SMD:R_0603_1608Metric_Pad0.98x0.95mm_HandSolder
attribut smd
position 216.200000 72.000000  orientation 0.00
layer front
$PAD "1"
Shape Roundrect Layer front
position -0.912500  0.000000  size  0.975000  0.950000  orientation 0.00
drill  0.000000
shape_offset  0.000000  0.000000
$EndPAD
$PAD "2"
Shape Roundrect Layer front
position  0.912500  0.000000  size  0.975000  0.950000  orientation 0.00
drill  0.000000
shape_offset  0.000000  0.000000
$EndPAD
$EndMODULE  R5

$MODULE R6
footprint Resistor_SMD:R_0603_1608Metric_Pad0.98x0.95mm_HandSolder
attribut smd
position 221.500000 71.000000  orientation 90.00
layer front
$PAD "1"
Shape Roundrect Layer front
position -0.912500  0.000000  size  0.975000  0.950000  orientation 0.00
drill  0.000000
shape_offset  0.000000  0.000000
$EndPAD
$PAD "2"
Shape Roundrect Layer front
position  0.912500  0.000000  size  0.975000  0.950000  orientation 0.00
drill  0.000000
shape_offset  0.000000  0.000000
$EndPAD
$EndMODULE  R6

$MODULE R7
footprint Resistor_SMD:R_0603_1608Metric_Pad0.98x0.95mm_HandSolder
attribut smd
position 187.990000 69.300000  orientation 0.00
layer front
$PAD "1"
Shape Roundrect Layer front
position -0.912500  0.000000  size  0.975000  0.950000  orientation 0.00
drill  0.000000
shape_offset  0.000000  0.000000
$EndPAD
$PAD "2"
Shape Roundrect Layer front
position  0.912500  0.000000  size  0.975000  0.950000  orientation 0.00
drill  0.000000
shape_offset  0.000000  0.000000
$EndPAD
$EndMODULE  R7

$MODULE R8
footprint Resistor_SMD:R_0603_1608Metric_Pad0.98x0.95mm_HandSolder
attribut smd
position 187.970000 71.060000  orientation 0.00
layer front
$PAD "1"
Shape Roundrect Layer front
position -0.912500  0.000000  size  0.975000  0.950000  orientation 0.00
drill  0.000000
shape_offset  0.000000  0.000000
$EndPAD
$PAD "2"
Shape Roundrect Layer front
position  0.912500  0.000000  size  0.975000  0.950000  orientation 0.00
drill  0.000000
shape_offset  0.000000  0.000000
$EndPAD
$EndMODULE  R8

$MODULE R9
footprint Resistor_SMD:R_0603_1608Metric_Pad0.98x0.95mm_HandSolder
attribut smd
position 199.440000 68.000000  orientation -90.00
layer front
$PAD "1"
Shape Roundrect Layer front
position -0.912500  0.000000  size  0.975000  0.950000  orientation 360.00
drill  0.000000
shape_offset  0.000000  0.000000
$EndPAD
$PAD "2"
Shape Roundrect Layer front
position  0.912500  0.000000  size  0.975000  0.950000  orientation 360.00
drill  0.000000
shape_offset  0.000000  0.000000
$EndPAD
$EndMODULE  R9

$MODULE R10
footprint Resistor_SMD:R_0603_1608Metric_Pad0.98x0.95mm_HandSolder
attribut smd
position 200.610000 55.030000  orientation -90.00
layer front
$PAD "1"
Shape Roundrect Layer front
position -0.912500  0.000000  size  0.975000  0.950000  orientation 360.00
drill  0.000000
shape_offset  0.000000  0.000000
$EndPAD
$PAD "2"
Shape Roundrect Layer front
position  0.912500  0.000000  size  0.975000  0.950000  orientation 360.00
drill  0.000000
shape_offset  0.000000  0.000000
$EndPAD
$EndMODULE  R10

$MODULE R11
footprint Resistor_SMD:R_0603_1608Metric_Pad0.98x0.95mm_HandSolder
attribut smd
position 221.960000 84.650000  orientation 90.00
layer front
$PAD "1"
Shape Roundrect Layer front
position -0.912500  0.000000  size  0.975000  0.950000  orientation 0.00
drill  0.000000
shape_offset  0.000000  0.000000
$EndPAD
$PAD "2"
Shape Roundrect Layer front
position  0.912500  0.000000  size  0.975000  0.950000  orientation 0.00
drill  0.000000
shape_offset  0.000000  0.000000
$EndPAD
$EndMODULE  R11

$MODULE R12
footprint Resistor_SMD:R_0603_1608Metric_Pad0.98x0.95mm_HandSolder
attribut smd
position 221.960000 81.250000  orientation 90.00
layer front
$PAD "1"
Shape Roundrect Layer front
position -0.912500  0.000000  size  0.975000  0.950000  orientation 0.00
drill  0.000000
shape_offset  0.000000  0.000000
$EndPAD
$PAD "2"
Shape Roundrect Layer front
position  0.912500  0.000000  size  0.975000  0.950000  orientation 0.00
drill  0.000000
shape_offset  0.000000  0.000000
$EndPAD
$EndMODULE  R12

$MODULE R13
footprint Resistor_SMD:R_2512_6332Metric_Pad1.40x3.35mm_HandSolder
attribut smd
position 176.900000 75.500000  orientation 90.00
layer back
$PAD "1"
Shape Roundrect Layer back
position -3.050000  0.000000  size  1.400000  3.350000  orientation 0.00
drill  0.000000
shape_offset  0.000000  0.000000
$EndPAD
$PAD "2"
Shape Roundrect Layer back
position  3.050000  0.000000  size  1.400000  3.350000  orientation 0.00
drill  0.000000
shape_offset  0.000000  0.000000
$EndPAD
$EndMODULE  R13

$MODULE R14
footprint Resistor_SMD:R_0603_1608Metric_Pad0.98x0.95mm_HandSolder
attribut smd
position 186.200000 91.650000  orientation 90.00
layer front
$PAD "1"
Shape Roundrect Layer front
position -0.912500  0.000000  size  0.975000  0.950000  orientation 0.00
drill  0.000000
shape_offset  0.000000  0.000000
$EndPAD
$PAD "2"
Shape Roundrect Layer front
position  0.912500  0.000000  size  0.975000  0.950000  orientation 0.00
drill  0.000000
shape_offset  0.000000  0.000000
$EndPAD
$EndMODULE  R14

$MODULE R15
footprint Resistor_SMD:R_0603_1608Metric_Pad0.98x0.95mm_HandSolder
attribut smd
position 187.150000 85.550000  orientation 0.00
layer front
$PAD "1"
Shape Roundrect Layer front
position -0.912500  0.000000  size  0.975000  0.950000  orientation 0.00
drill  0.000000
shape_offset  0.000000  0.000000
$EndPAD
$PAD "2"
Shape Roundrect Layer front
position  0.912500  0.000000  size  0.975000  0.950000  orientation 0.00
drill  0.000000
shape_offset  0.000000  0.000000
$EndPAD
$EndMODULE  R15

$MODULE R16
footprint Resistor_SMD:R_0603_1608Metric_Pad0.98x0.95mm_HandSolder
attribut smd
position 186.100000 78.800000  orientation 90.00
layer front
$PAD "1"
Shape Roundrect Layer front
position -0.912500  0.000000  size  0.975000  0.950000  orientation 0.00
drill  0.000000
shape_offset  0.000000  0.000000
$EndPAD
$PAD "2"
Shape Roundrect Layer front
position  0.912500  0.000000  size  0.975000  0.950000  orientation 0.00
drill  0.000000
shape_offset  0.000000  0.000000
$EndPAD
$EndMODULE  R16

$MODULE R17
footprint Resistor_SMD:R_0603_1608Metric_Pad0.98x0.95mm_HandSolder
attribut smd
position 221.500000 66.000000  orientation 90.00
layer front
$PAD "1"
Shape Roundrect Layer front
position -0.912500  0.000000  size  0.975000  0.950000  orientation 0.00
drill  0.000000
shape_offset  0.000000  0.000000
$EndPAD
$PAD "2"
Shape Roundrect Layer front
position  0.912500  0.000000  size  0.975000  0.950000  orientation 0.00
drill  0.000000
shape_offset  0.000000  0.000000
$EndPAD
$EndMODULE  R17

$MODULE TH1
footprint Connector_PinHeader_2.00mm:PinHeader_1x02_P2.00mm_Vertical
attribut none
position 203.600000 74.200000  orientation 180.00
layer front
$PAD "1"
Shape Rect Layer both
position  0.000000  0.000000  size  1.350000  1.350000  orientation 0.00
drill  0.800000
shape_offset  0.000000  0.000000
$EndPAD
$PAD "2"
Shape Oval Layer both
position  0.000000  2.000000  size  1.350000  1.350000  orientation 0.00
drill  0.800000
shape_offset  0.000000  0.000000
$EndPAD
$EndMODULE  TH1

$MODULE U1
footprint Package_SO:SOIC-8_3.9x4.9mm_P1.27mm
attribut smd
position 195.920000 69.360000  orientation 90.00
layer front
$PAD "1"
Shape Roundrect Layer front
position -2.475000 -1.905000  size  1.950000  0.600000  orientation 0.00
drill  0.000000
shape_offset  0.000000  0.000000
$EndPAD
$PAD "2"
Shape Roundrect Layer front
position -2.475000 -0.635000  size  1.950000  0.600000  orientation 0.00
drill  0.000000
shape_offset  0.000000  0.000000
$EndPAD
$PAD "3"
Shape Roundrect Layer front
position -2.475000  0.635000  size  1.950000  0.600000  orientation 0.00
drill  0.000000
shape_offset  0.000000  0.000000
$EndPAD
$PAD "4"
Shape Roundrect Layer front
position -2.475000  1.905000  size  1.950000  0.600000  orientation 0.00
drill  0.000000
shape_offset  0.000000  0.000000
$EndPAD
$PAD "5"
Shape Roundrect Layer front
position  2.475000  1.905000  size  1.950000  0.600000  orientation 0.00
drill  0.000000
shape_offset  0.000000  0.000000
$EndPAD
$PAD "6"
Shape Roundrect Layer front
position  2.475000  0.635000  size  1.950000  0.600000  orientation 0.00
drill  0.000000
shape_offset  0.000000  0.000000
$EndPAD
$PAD "7"
Shape Roundrect Layer front
position  2.475000 -0.635000  size  1.950000  0.600000  orientation 0.00
drill  0.000000
shape_offset  0.000000  0.000000
$EndPAD
$PAD "8"
Shape Roundrect Layer front
position  2.475000 -1.905000  size  1.950000  0.600000  orientation 0.00
drill  0.000000
shape_offset  0.000000  0.000000
$EndPAD
$EndMODULE  U1

$MODULE U2
footprint 01_selbstErstellt:SOP8-EP_3.8x4.7mm_P1.27mm_EP2.3x3.2mm
attribut smd
position 218.460000 79.132380  orientation 90.00
layer front
$PAD ""
Shape Roundrect Layer nocopper
position  0.570000 -0.750000  size  0.920000  1.355000  orientation 0.00
drill  0.000000
shape_offset  0.000000  0.000000
$EndPAD
$PAD ""
Shape Roundrect Layer nocopper
position -0.570000 -0.750000  size  0.920000  1.355000  orientation 0.00
drill  0.000000
shape_offset  0.000000  0.000000
$EndPAD
$PAD ""
Shape Roundrect Layer nocopper
position -0.570000  0.750000  size  0.920000  1.355000  orientation 0.00
drill  0.000000
shape_offset  0.000000  0.000000
$EndPAD
$PAD ""
Shape Roundrect Layer nocopper
position  0.570000  0.750000  size  0.920000  1.355000  orientation 0.00
drill  0.000000
shape_offset  0.000000  0.000000
$EndPAD
$PAD "1"
Shape Roundrect Layer front
position -2.475000 -1.905000  size  1.650000  0.605000  orientation 0.00
drill  0.000000
shape_offset  0.000000  0.000000
$EndPAD
$PAD "2"
Shape Roundrect Layer front
position -2.475000 -0.635000  size  1.650000  0.635000  orientation 0.00
drill  0.000000
shape_offset  0.000000  0.000000
$EndPAD
$PAD "3"
Shape Roundrect Layer front
position -2.475000  0.635000  size  1.650000  0.600000  orientation 0.00
drill  0.000000
shape_offset  0.000000  0.000000
$EndPAD
$PAD "4"
Shape Roundrect Layer front
position -2.475000  1.905000  size  1.650000  0.600000  orientation 0.00
drill  0.000000
shape_offset  0.000000  0.000000
$EndPAD
$PAD "5"
Shape Roundrect Layer front
position  2.475000  1.905000  size  1.650000  0.595000  orientation 0.00
drill  0.000000
shape_offset  0.000000  0.000000
$EndPAD
$PAD "6"
Shape Roundrect Layer front
position  2.475000  0.635000  size  1.650000  0.600000  orientation 0.00
drill  0.000000
shape_offset  0.000000  0.000000
$EndPAD
$PAD "7"
Shape Roundrect Layer front
position  2.475000 -0.635000  size  1.650000  0.635000  orientation 0.00
drill  0.000000
shape_offset  0.000000  0.000000
$EndPAD
$PAD "8"
Shape Roundrect Layer front
position  2.475000 -1.905000  size  1.650000  0.605000  orientation 0.00
drill  0.000000
shape_offset  0.000000  0.000000
$EndPAD
$PAD "9"
Shape Rect Layer front
position  0.000000  0.000000  size  2.300000  3.200000  orientation 0.00
drill  0.000000
shape_offset  0.000000  0.000000
$EndPAD
$EndMODULE  U2

$MODULE U3
footprint Package_TO_SOT_SMD:SOT-223-3_TabPin2
attribut smd
position 195.310000 89.860000  orientation 180.00
layer front
$PAD "1"
Shape Rect Layer front
position -3.150000 -2.300000  size  2.000000  1.500000  orientation 0.00
drill  0.000000
shape_offset  0.000000  0.000000
$EndPAD
$PAD "2"
Shape Rect Layer front
position  3.150000  0.000000  size  2.000000  3.800000  orientation 0.00
drill  0.000000
shape_offset  0.000000  0.000000
$EndPAD
$PAD "2"
Shape Rect Layer front
position -3.150000  0.000000  size  2.000000  1.500000  orientation 0.00
drill  0.000000
shape_offset  0.000000  0.000000
$EndPAD
$PAD "3"
Shape Rect Layer front
position -3.150000  2.300000  size  2.000000  1.500000  orientation 0.00
drill  0.000000
shape_offset  0.000000  0.000000
$EndPAD
$EndMODULE  U3

$MODULE U4
footprint Package_TO_SOT_SMD:SOT-23-5
attribut smd
position 180.600000 75.500000  orientation 90.00
layer back
$PAD "1"
Shape Roundrect Layer back
position -1.137500  0.950000  size  1.325000  0.600000  orientation 0.00
drill  0.000000
shape_offset  0.000000  0.000000
$EndPAD
$PAD "2"
Shape Roundrect Layer back
position -1.137500  0.000000  size  1.325000  0.600000  orientation 0.00
drill  0.000000
shape_offset  0.000000  0.000000
$EndPAD
$PAD "3"
Shape Roundrect Layer back
position -1.137500 -0.950000  size  1.325000  0.600000  orientation 0.00
drill  0.000000
shape_offset  0.000000  0.000000
$EndPAD
$PAD "4"
Shape Roundrect Layer back
position  1.137500 -0.950000  size  1.325000  0.600000  orientation 0.00
drill  0.000000
shape_offset  0.000000  0.000000
$EndPAD
$PAD "5"
Shape Roundrect Layer back
position  1.137500  0.950000  size  1.325000  0.600000  orientation 0.00
drill  0.000000
shape_offset  0.000000  0.000000
$EndPAD
$EndMODULE  U4

$EndDESCRIPTION
